SD card attached.
\X8F\X93\X9C\X12\XDF\X92     \X12\XA9
\X9A\X12\XB4\XDF\X92   \X12\XA9\XA7\X92
\X9F\X12\XB5 \XDF\X92 \X12\XA9 \XB6
\X1E \XB7\X12\XBB\X92 \X12\XAC\X92\XB7
\X9E \XAF\X12\XBE\X92 \X12\XBC\X92\XAF
\X81\XA7\X12 \X92\XA9 \XDF\X12 \X92\XB4
\X1C\XB6\XA9   \XDF\XB5
\X05\X05512K HIGH RAM - ROM VER R46**** COMMANDER X16 BASIC V2 ****38655 BASIC BYTES FREE
\X8F\X93\X9C\X12\XDF\X92     \X12\XA9
\X9A\X12\XB4\XDF\X92   \X12\XA9\XA7\X92
\X9F\X12\XB5 \XDF\X92 \X12\XA9 \XB6
\X1E \XB7\X12\XBB\X92 \X12\XAC\X92\XB7
\X9E \XAF\X12\XBE\X92 \X12\XBC\X92\XAF
\X81\XA7\X12 \X92\XA9 \XDF\X12 \X92\XB4
\X1C\XB6\XA9   \XDF\XB5
\X05\X05512K HIGH RAM - ROM VER R46**** COMMANDER X16 BASIC V2 ****38655 BASIC BYTES FREE
[\X9EMENU\X05] SYSTEM MENU
[\X9EEDIT\X05] VIEW/EDIT FILE
[\X9EHELP\X05] VERSION INFO.
[\X9E@$\X05] OR [\X9EF7\X05] TO LIST DIRECTORY

TYPE [\X9E@CD:INTRO\X05]
THEN [\X9EBOOT\X05] TO READ INTRODUCTION

TYPE [\X9E//LAUNCH\X05] OR [\X9E//EXPLORE\X05]
THEN [\X9ERUN\X05] FOR QUICK LAUNCH

READY.


SEARCHING FOR /LAUNCH
LOADING FROM $ TO $
READY.

\X0E\X93\X0E\X0E\X93\X93 \XCCAUNCHER (C) BY \XC1NDY\XCDT: \XC9NTRODUCTION                   \XB6\XB4\XB6\XB4\XB6\XB4\XB6\XB4\XB6\XB4\XB6\XB4\XB6\XB4\XB6\XB4\XB6\XB4\XB6\XB4\XB6\XB4\XB6\XB4\XB6\XB4\XB6\XB4\XB6\XB4\XB6\XB4\XB6\XB4\XB6\XB4\XB6\XB4\XB6\XB4\XB6\XB4\XB6\XB4 \XD0RESS ANY KEY TO CONTINUE...                           \XD4HIS LAUNCHER LET'S YOU NAVIGATE THROUGH DIRECTORIES AND START PROGRAMS.\XC6OR A SELECTION OF GAMES AND PROGRAMS A THUMBNAIL AND SHORT DESCRIPTION IS SHOWN. \XC6OR ALL OTHERS DEFAULT ICONS ARE SHOWN.\XCEAVIGATION BY KEYBOARD:- UP/DOWN:    SCROLL THROUGH DIRECTORY LIST- LEFT/RIGHT: CYCLE THROUGH THUMBNAILS (IF MULTIPLE)- ENTER:      SELECT DIRECTORY OR START PROGRAM- DOT:        TO PARENT DIRECTORY- ANY LETTER: JUMP DIRECTLY IN THE LIST- ESC:        EXIT LAUNCHER\XCEAVIGATION BY JOYSTICK/CONTROLLER:- UP/DOWN:    SCROLL THROUGH DIRECTORY LIST- LEFT:       TO PARENT DIRECTORY- ANY BUTTON: SELECT DIRECTORY OR START PROGRAMS0:.LAUNCHER.TMP[STATE]
SKIPINTRO=1
\X93\XB6                          \XB4\XB6                          \XB4\XB6                          \XB4\XB6                          \XB4\XB6                          \XB4\XB6                          \XB4\XB6                          \XB4\XB6                          \XB4\XB6                          \XB4\XB6                          \XB4\XB6                          \XB4\XB6                          \XB4\XB6                          \XB4\XB6                          \XB4\XB6                          \XB4\XB6                          \XB4\XB6                          \XB4\XB6                          \XB4\XB6                          \XB4\XB6                          \XB4\XB6                          \XB4\XB6                          \XB4 ./LAUNCHER                USE ARROW KEYS + ENTER                                                                                                                                                                                                                                                                                                                                                                                                                                                             LOADING...\XCCAUNCHER \XD61.0 (C) \XC1NDY\XCDT         \XABdEMOSCENE                \XABgAMES                     mELODIUS                 \XABmISC-BASIC                sLIDESHOW                \XABsYSTEM-BOOT              \XABxINFO                                                                                                                                                                                                                                                                                                                                                                                                                dEMOSCENE sAMPLES
BY: MULTIPLE
cAPABILITY DEMONSTRATION SOFTWARE OR "DEMOSCENE" SOFTWARE THAT SHOWCASES AUDIO AND VISUAL ASPECTS OF THE x16 SYSTEM.  tYPICALLY THIS SOFTWARE IS "NON-INTERACTIVE" SO JUST SIT BACK AND ENJOY THE SHOW! 
READY.


0 \X12"X16-SAMPLES     " FAT32
0    "."                DIR 
0    ".."               DIR 
2    "LAUNCHER.INI"     PRG 
102  "LAUNCHER.PRG"     PRG 
0    "GAMES"            DIR 
0    "MELODIUS"         DIR 
0    "XINFO"            DIR 
0    "DEMOSCENE"        DIR 
0    "SLIDESHOW"        DIR 
0    "MISC-BASIC"       DIR 
0    "SYSTEM-BOOT"      DIR 
0    ".META"            DIR 
0    ".THUMB"           DIR 
1    ".LAUNCHER.TMP"    PRG 
54664 KB FREE.

READY.

01, FILES SCRATCHED,01,00

?SYNTAX ERROR
READY.

62, FILE NOT FOUND,00,00

READY.


?SYNTAX ERROR
READY.





0 \X12"X16-SAMPLES     " FAT32
0    "."                DIR 
0    ".."               DIR 
2    "LAUNCHER.INI"     PRG 
102  "LAUNCHER.PRG"     PRG 
0    "GAMES"            DIR 
0    "MELODIUS"         DIR 
0    "XINFO"            DIR 
0    "DEMOSCENE"        DIR 
0    "SLIDESHOW"        DIR 
0    "MISC-BASIC"       DIR 
0    "SYSTEM-BOOT"      DIR 
0    ".META"            DIR 
0    ".THUMB"           DIR 
54666 KB FREE.

READY.
\X8F\X93\X9C\X12\XDF\X92     \X12\XA9
\X9A\X12\XB4\XDF\X92   \X12\XA9\XA7\X92
\X9F\X12\XB5 \XDF\X92 \X12\XA9 \XB6
\X1E \XB7\X12\XBB\X92 \X12\XAC\X92\XB7
\X9E \XAF\X12\XBE\X92 \X12\XBC\X92\XAF
\X81\XA7\X12 \X92\XA9 \XDF\X12 \X92\XB4
\X1C\XB6\XA9   \XDF\XB5
\X05\X05512K HIGH RAM - ROM VER R46**** COMMANDER X16 BASIC V2 ****38655 BASIC BYTES FREE
\X8F\X93\X9C\X12\XDF\X92     \X12\XA9
\X9A\X12\XB4\XDF\X92   \X12\XA9\XA7\X92
\X9F\X12\XB5 \XDF\X92 \X12\XA9 \XB6
\X1E \XB7\X12\XBB\X92 \X12\XAC\X92\XB7
\X9E \XAF\X12\XBE\X92 \X12\XBC\X92\XAF
\X81\XA7\X12 \X92\XA9 \XDF\X12 \X92\XB4
\X1C\XB6\XA9   \XDF\XB5
\X05\X05512K HIGH RAM - ROM VER R46**** COMMANDER X16 BASIC V2 ****38655 BASIC BYTES FREE
[\X9EMENU\X05] SYSTEM MENU
[\X9EEDIT\X05] VIEW/EDIT FILE
[\X9EHELP\X05] VERSION INFO.
[\X9E@$\X05] OR [\X9EF7\X05] TO LIST DIRECTORY

TYPE [\X9E@CD:INTRO\X05]
THEN [\X9EBOOT\X05] TO READ INTRODUCTION

TYPE [\X9E//LAUNCH\X05] OR [\X9E//EXPLORE\X05]
THEN [\X9ERUN\X05] FOR QUICK LAUNCH

READY.


SEARCHING FOR /LAUNCH
LOADING FROM $ TO $
READY.

\X0E\X93\X0E\X0E\X93\X93\XB6                          \XB4\XB6                          \XB4\XB6                          \XB4\XB6                          \XB4\XB6                          \XB4\XB6                          \XB4\XB6                          \XB4\XB6                          \XB4\XB6                          \XB4\XB6                          \XB4\XB6                          \XB4\XB6                          \XB4\XB6                          \XB4\XB6                          \XB4\XB6                          \XB4\XB6                          \XB4\XB6                          \XB4\XB6                          \XB4\XB6                          \XB4\XB6                          \XB4\XB6                          \XB4\XB6                          \XB4 ./LAUNCHER                USE ARROW KEYS + ENTER                                                                                                                                                                                                                                                                                                                                                                                                                                                             LOADING...\XCCAUNCHER \XD61.0 (C) \XC1NDY\XCDT         \XABdEMOSCENE                \XABgAMES                     mELODIUS                 \XABmISC-BASIC                sLIDESHOW                \XABsYSTEM-BOOT              \XABxINFO                                                                                                                                                                                                                                                                                                                                                                                                                dEMOSCENE sAMPLES
BY: MULTIPLE
cAPABILITY DEMONSTRATION SOFTWARE OR "DEMOSCENE" SOFTWARE THAT SHOWCASES AUDIO AND VISUAL ASPECTS OF THE x16 SYSTEM.  tYPICALLY THIS SOFTWARE IS "NON-INTERACTIVE" SO JUST SIT BACK AND ENJOY THE SHOW! 
READY.


0 \X12"X16-SAMPLES     " FAT32
0    "."                DIR 
0    ".."               DIR 
2    "LAUNCHER.INI"     PRG 
102  "LAUNCHER.PRG"     PRG 
0    "GAMES"            DIR 
0    "MELODIUS"         DIR 
0    "XINFO"            DIR 
0    "DEMOSCENE"        DIR 
0    "SLIDESHOW"        DIR 
0    "MISC-BASIC"       DIR 
0    "SYSTEM-BOOT"      DIR 
0    ".META"            DIR 
0    ".THUMB"           DIR 
54666 KB FREE.

READY.


0 \X12"X16-SAMPLES     " FAT32
0    "."                DIR 
0    ".."               DIR 
2    "LAUNCHER.INI"     PRG 
102  "LAUNCHER.PRG"     PRG 
0    "GAMES"            DIR 
0    "MELODIUS"         DIR 
0    "XINFO"            DIR 
0    "DEMOSCENE"        DIR 
0    "SLIDESHOW"        DIR 
0    "MISC-BASIC"       DIR 
0    "SYSTEM-BOOT"      DIR 
0    ".META"            DIR 
0    ".THUMB"           DIR 
54666 KB FREE.

READY.

00, OK,00,00

READY.


0 \X12"X16-SAMPLES     " FAT32
0    "."                DIR 
0    ".."               DIR 
1    "AIRSHIP.INF"      PRG 
1    "APPLICATIONS.INF" PRG 
2    "APPS.INF"         PRG 
1    "BASIC.INF"        PRG 
1    "CALC.INF"         PRG 
1    "CHASVALT.INF"     PRG 
1    "CONTEST.PRG.INF"  PRG 
1    "CX16-UPDATE.PRG.INF" PRG 
1    "DEMOS.INF"        PRG 
1    "DEV.INF"          PRG 
1    "DOCS.INF"         PRG 
1    "GAMES-DEMO.INF"   PRG 
1    "GAMES-PRG.INF"    PRG 
1    "GAMES.INF"        PRG 
1    "HANGMAN.INF"      PRG 
1    "JOYTEST.PRG.INF"  PRG 
1    "MINE.INF"         PRG 
1    "PETSCII-ARCADE.INF" PRG 
1    "RAMTEST.PRG.INF"  PRG 
1    "ROM-UPDATE.INF"   PRG 
1    "SHELL-CMDS.INF"   PRG 
2    "SHELL.PRG.INF"    PRG 
1    "SYSTEM.INF"       PRG 
1    "TOOLS.INF"        PRG 
1    "XIXIT.INF"        PRG 
1    "8BITDANCE.INF"    PRG 
1    "1160.INF"         PRG 
1    "BADMETAL.INF"     PRG 
1    "KG3D.INF"         PRG 
1    "MEDEMO.INF"       PRG 
1    "SONIC.INF"        PRG 
1    "VERAFX.INF"       PRG 
1    "DEMOSCENE.INF"    PRG 
1    "3P.INF"           PRG 
1    "BRIXX.INF"        PRG 
1    "CHASEVAULT.INF"   PRG 
1    "FLAPPY.INF"       PRG 
1    "INVADERZ.INF"     PRG 
1    "LANDER.INF"       PRG 
1    "MINE-RESCUE.INF"  PRG 
1    "MONTEZUMA.INF"    PRG 
1    "MUNCHMANIA.INF"   PRG 
1    "PETAXIAN.INF"     PRG 
1    "PIXEUS.INF"       PRG 
1    "PLANETX16.INF"    PRG 
1    "PORTAL16.INF"     PRG 
1    "PSSPX16.INF"      PRG 
1    "QUACK.INF"        PRG 
1    "QUARX.INF"        PRG 
1    "RALLYSPEEDWAY.INF" PRG 
1    "ROCKRUNNER.INF"   PRG 
1    "SCUMBOTRON.INF"   PRG 
1    "TETRADS.INF"      PRG 
1    "VINDICATOR.INF"   PRG 
1    "X16MAZE.INF"      PRG 
1    "X16ROBOTS.INF"    PRG 
1    "XBERT.INF"        PRG 
1    "CALCCMD.PRG.INF"  PRG 
2    "CAT.PRG.INF"      PRG 
1    "LOWERDECKS.INF"   PRG 
1    "TRANSCENDENTALS.PRG.INF" PRG 
1    "MISC-BASIC.INF"   PRG 
1    "SLIDESHOW.INF"    PRG 
1    "XINFO.INF"        PRG 
1    "01-INTRO.INF"     PRG 
1    "02-TECHNICAL.INF" PRG 
1    "PAINT.INF"        PRG 
1    "PAINT16C.INF"     PRG 
1    "X16CLOCK.PRG.INF" PRG 
1    "LIFE.PRG..INF"    PRG 
1    "VELOCITY.PRG.INF" PRG 
1    "X16MINES.INF"     PRG 
2    "X16HXD.INF"       PRG 
2    "X16FONTS.INF"     PRG 
2    "X16AUDIO.INF"     PRG 
1    "VELOCITY.INF"     PRG 
2    "TUTORIAL.INF"     PRG 
1    "TONY.INF"         PRG 
2    "TINYPASCAL.INF"   PRG 
2    "TAKETOTHESKIES.INF" PRG 
1    "SLDESHOW.INF"     PRG 
1    "PX16DOCS.PRG.INF" PRG 
1    "PLANETX16.PRG.INF" PRG 
1    "PETDRAWX.INF"     PRG 
1    "PETAXIAN.PRG.INF" PRG 
1    "MUSIC.INF"        PRG 
1    "MINIM.INF"        PRG 
1    "MEGAMAN.INF"      PRG 
1    "MARIOKART-2MB.PRG.INF" PRG 
1    "LIFE.PRG.INF"     PRG 
1    "JUSTACLOCK.PRG.INF" PRG 
1    "JIMBO.INF"        PRG 
2    "IRCLOCK.PRG.INF"  PRG 
2    "INTROSAMPLES.INF" PRG 
2    "INTRO.INF"        PRG 
1    "INTEREST.INF"     PRG 
1    "GC.PRG.INF"       PRG 
2    "FORTUNE.INF"      PRG 
1    "FM.PRG.INF"       PRG 
1    "ENTROPY.INF"      PRG 
1    "DREAMTRK.INF"     PRG 
1    "DIR.PRG.INF"      PRG 
1    "DHUNTER.PRG.INF"  PRG 
1    "CYCLOPS.INF"      PRG 
1    "CX16ASSEMBLER.INF" PRG 
1    "CRAPS.PRG.INF"    PRG 
1    "CALLIOPE.INF"     PRG 
2    "BRESNHAM-CBM.PRG.INF" PRG 
2    "BASLOAD.PRG.INF"  PRG 
1    "ASMEDIT.INF"      PRG 
2    "3DENGINE.INF"     PRG 
1    "SBW.INF"          PRG 
1    "PLANET-X16.INF"   PRG 
1    "X16SPEED.PRG.INF" PRG 
1    "CLOCKSPEED.PRG.INF" PRG 
2    "CAT.INF"          PRG 
1    "PLANETX16DOCS.INF" PRG 
1    "BUBBLEVP8.PRG.INF" PRG 
1    "BUBBLEV3.PRG.INF" PRG 
1    "BUBBLEV2.PRG.INF" PRG 
2    "BUBBLE.PRG.INF"   PRG 
1    "CONWAYGL.PRG.INF" PRG 
1    "XVIEW.INF"        PRG 
1    "STARFIELD.PRG.INF" PRG 
1    "SPHERE.PRG.INF"   PRG 
2    "ROMFLASH-OLD.INF" PRG 
1    "PROTEUS-DEMO.PRG.INF" PRG 
1    "PLATO2.PRG.INF"   PRG 
1    "NOISE.PRG.INF"    PRG 
1    "MYSTIFY.PRG.INF"  PRG 
1    "MAD.PRG.INF"      PRG 
1    "LABYRINTH.PRG.INF" PRG 
1    "JULIA2.PRG.INF"   PRG 
1    "INVENTION13.PRG.INF" PRG 
1    "GLOBEFX.PRG.INF"  PRG 
1    "COLORCYCLE.PRG.INF" PRG 
1    "CODEBLTZ.PRG.INF" PRG 
1    "COBRAMK3O5K.PRG.INF" PRG 
1    "8BPPCOW.PRG.INF"  PRG 
1    "3POTIONS.INF"     PRG 
1    "MELODIUS.INF"     PRG 
2    "BOOT-BASIC-HELPER.PRG.INF" PRG 
1    "SYSTEM-BOOT.INF"  PRG 
1    "BOOT-SHELL.PRG.INF" PRG 
1    "BOOT-LAUNCHER.PRG.INF" PRG 
1    "BOOT-FILEMANAGER.PRG.INF" PRG 
1    "BOOT-BASIC.PRG.INF" PRG 
1    "SKI.INF"          PRG 
1    "FORTH.INF"        PRG 
1    "BADAPPLE.INF"     PRG 
1    "WORDLE.INF"       PRG 
1    ".LAUNCHER.TMP"    PRG 
54666 KB FREE.

READY.

01, FILES SCRATCHED,01,00

?SYNTAX ERROR
READY.
\X8F\X93\X9C\X12\XDF\X92     \X12\XA9
\X9A\X12\XB4\XDF\X92   \X12\XA9\XA7\X92
\X9F\X12\XB5 \XDF\X92 \X12\XA9 \XB6
\X1E \XB7\X12\XBB\X92 \X12\XAC\X92\XB7
\X9E \XAF\X12\XBE\X92 \X12\XBC\X92\XAF
\X81\XA7\X12 \X92\XA9 \XDF\X12 \X92\XB4
\X1C\XB6\XA9   \XDF\XB5
\X05\X05512K HIGH RAM - ROM VER R46**** COMMANDER X16 BASIC V2 ****38655 BASIC BYTES FREE
\X8F\X93\X9C\X12\XDF\X92     \X12\XA9
\X9A\X12\XB4\XDF\X92   \X12\XA9\XA7\X92
\X9F\X12\XB5 \XDF\X92 \X12\XA9 \XB6
\X1E \XB7\X12\XBB\X92 \X12\XAC\X92\XB7
\X9E \XAF\X12\XBE\X92 \X12\XBC\X92\XAF
\X81\XA7\X12 \X92\XA9 \XDF\X12 \X92\XB4
\X1C\XB6\XA9   \XDF\XB5
\X05\X05512K HIGH RAM - ROM VER R46**** COMMANDER X16 BASIC V2 ****38655 BASIC BYTES FREE
[\X9EMENU\X05] SYSTEM MENU
[\X9EEDIT\X05] VIEW/EDIT FILE
[\X9EHELP\X05] VERSION INFO.
[\X9E@$\X05] OR [\X9EF7\X05] TO LIST DIRECTORY

TYPE [\X9E@CD:INTRO\X05]
THEN [\X9EBOOT\X05] TO READ INTRODUCTION

TYPE [\X9E//LAUNCH\X05] OR [\X9E//EXPLORE\X05]
THEN [\X9ERUN\X05] FOR QUICK LAUNCH

READY.


SEARCHING FOR /RESET
?FILE NOT FOUND ERROR
READY.


SEARCHING FOR /EXPLORE
LOADING FROM $ TO $
READY.

\X1C* * * W A R N I N G * * *\X05
[\X9EEXPLORE\X05] USES THE LAUNCHER APPLICATION
TO CONVENIENTLY NAVIGATE THE FULL SET
SOFTWARE ON THIS MEDIA.  NOT ALL THESE
PROGRAMS ARE SUITABLE FOR BEING LOADED
AND RAN BY THE LAUNCHER (SOME ARE
TUTORIALS SAMPLES INTENDED TO BE USED
FROM CMDR-DOS OR SOME ARE WORK-IN
PROGRESS CONCEPT DEMOS).

FOR A VERIFIED STABLE AND COMPLETE SET OF
SOFTWARE, USE THE \X9E//LAUNCH\X05 COMMAND
INSTEAD.

PRESS ANY KEY TO PROCEED WITH [\X9EEXPLORE\X05]
OR PRESS RUN/STOP TO ABORT
\X0E\X93\X0E\X0E\X93\X93 \XCCAUNCHER (C) BY \XC1NDY\XCDT: \XC9NTRODUCTION                   \XB6\XB4\XB6\XB4\XB6\XB4\XB6\XB4\XB6\XB4\XB6\XB4\XB6\XB4\XB6\XB4\XB6\XB4\XB6\XB4\XB6\XB4\XB6\XB4\XB6\XB4\XB6\XB4\XB6\XB4\XB6\XB4\XB6\XB4\XB6\XB4\XB6\XB4\XB6\XB4\XB6\XB4\XB6\XB4 \XD0RESS ANY KEY TO CONTINUE...                           \XD4HIS LAUNCHER LET'S YOU NAVIGATE THROUGH DIRECTORIES AND START PROGRAMS.\XC6OR A SELECTION OF GAMES AND PROGRAMS A THUMBNAIL AND SHORT DESCRIPTION IS SHOWN. \XC6OR ALL OTHERS DEFAULT ICONS ARE SHOWN.\XCEAVIGATION BY KEYBOARD:- UP/DOWN:    SCROLL THROUGH DIRECTORY LIST- LEFT/RIGHT: CYCLE THROUGH THUMBNAILS (IF MULTIPLE)- ENTER:      SELECT DIRECTORY OR START PROGRAM- DOT:        TO PARENT DIRECTORY- ANY LETTER: JUMP DIRECTLY IN THE LIST- ESC:        EXIT LAUNCHER\XCEAVIGATION BY JOYSTICK/CONTROLLER:- UP/DOWN:    SCROLL THROUGH DIRECTORY LIST- LEFT:       TO PARENT DIRECTORY- ANY BUTTON: SELECT DIRECTORY OR START PROGRAMS0:.LAUNCHER.TMP[STATE]
SKIPINTRO=1
\X93\XB6                          \XB4\XB6                          \XB4\XB6                          \XB4\XB6                          \XB4\XB6                          \XB4\XB6                          \XB4\XB6                          \XB4\XB6                          \XB4\XB6                          \XB4\XB6                          \XB4\XB6                          \XB4\XB6                          \XB4\XB6                          \XB4\XB6                          \XB4\XB6                          \XB4\XB6                          \XB4\XB6                          \XB4\XB6                          \XB4\XB6                          \XB4\XB6                          \XB4\XB6                          \XB4\XB6                          \XB4 /                         USE ARROW KEYS + ENTER                                                                                                                                                                                                                                                                                                                                                                                                                                                             LOADING...\XCCAUNCHER \XD61.0 (C) \XC1NDY\XCDT             \XABaPPS                     \XABbASIC                    \XABdEMOS                    \XABdEV                      \XABdOCS                     \XABgAMES                    \XABgAMES-DEMO               \XABiNTRO                    \XABmUSIC                    \XABsHELL-CMDS               \XABsYSTEM                    sHELL.PRG                                                                                                                                                                                                                                                                                                                                                                                                            aPPLICATIONS
BY: MULTIPLE
"aPPLICATIONS" IS A GENERAL CATEGORY OF SOFTWARE THAT MAKES A COMPUTER SYSTEM USEFUL.  tHESE CAN BE UTILITIES, PRODUCTIVITY, TILE/FONT EDITORS, ETC.  tYPICALLY THINGS THAT ARE USEFUL TO MOST GENERAL-USERS OF THE SYSTEM. 
READY.


SEARCHING FOR /LAUNCH
LOADING FROM $ TO $
READY.

\X0E\X93\X0E\X0E\X93\X93\XB6                          \XB4\XB6                          \XB4\XB6                          \XB4\XB6                          \XB4\XB6                          \XB4\XB6                          \XB4\XB6                          \XB4\XB6                          \XB4\XB6                          \XB4\XB6                          \XB4\XB6                          \XB4\XB6                          \XB4\XB6                          \XB4\XB6                          \XB4\XB6                          \XB4\XB6                          \XB4\XB6                          \XB4\XB6                          \XB4\XB6                          \XB4\XB6                          \XB4\XB6                          \XB4\XB6                          \XB4 ./LAUNCHER                USE ARROW KEYS + ENTER                                                                                                                                                                                                                                                                                                                                                                                                                                                             LOADING...\XCCAUNCHER \XD61.0 (C) \XC1NDY\XCDT         \XABdEMOSCENE                \XABgAMES                     mELODIUS                 \XABmISC-BASIC                sLIDESHOW                \XABsYSTEM-BOOT              \XABxINFO                                                                                                                                                                                                                                                                                                                                                                                                                dEMOSCENE sAMPLES
BY: MULTIPLE
cAPABILITY DEMONSTRATION SOFTWARE OR "DEMOSCENE" SOFTWARE THAT SHOWCASES AUDIO AND VISUAL ASPECTS OF THE x16 SYSTEM.  tYPICALLY THIS SOFTWARE IS "NON-INTERACTIVE" SO JUST SIT BACK AND ENJOY THE SHOW!   \XABdEMOSCENE                \XABgAMES                     mELODIUS                 \XABmISC-BASIC                sLIDESHOW                \XABsYSTEM-BOOT              \XABxINFO                                                                                                                                                                                                                                                                                                                                                                                                                gAMES
BY: MULTIPLE
tHIS DIRECTORY CONTAINS FULLY PLAYABLE GAMES   \XABdEMOSCENE                \XABgAMES                     mELODIUS                 \XABmISC-BASIC                sLIDESHOW                \XABsYSTEM-BOOT              \XABxINFO                                                                                                                                                                                                                                                                                                                                                                                                                mELODIUS
BY: mOOINGlEMUR
  \XABdEMOSCENE                \XABgAMES                     mELODIUS                 \XABmISC-BASIC                sLIDESHOW                \XABsYSTEM-BOOT              \XABxINFO                                                                                                                                                                                                                                                                                                                                                                                                                mISCELLANEOUS (basic)
BY: MULTIPLE
  \XABdEMOSCENE                \XABgAMES                     mELODIUS                 \XABmISC-BASIC                sLIDESHOW                \XABsYSTEM-BOOT              \XABxINFO                                                                                                                                                                                                                                                                                                                                                                                                                mAGICK sLIDESHOW
BY: tONY 3068
iMAGE SLIDESHOW USING CUSTOM PALETTES PER IMAGE.  aLSO SUPPORTS zsm PLAYBACK DURING THE PRESENTATION.  aDJUSTABLE SETTINGS ARE IN THE ini FILE.   \XABdEMOSCENE                \XABgAMES                     mELODIUS                 \XABmISC-BASIC                sLIDESHOW                \XABsYSTEM-BOOT              \XABxINFO                                                                                                                                                                                                                                                                                                                                                                                                                bOOT sETUP
BY: VOIDSTAR
uSE THIS FOLDER TO ADJUST (OR RESTORE) THE STARTUP STYLE OF YOUR cOMMANDER x16.   \XABdEMOSCENE                \XABgAMES                     mELODIUS                 \XABmISC-BASIC                sLIDESHOW                \XABsYSTEM-BOOT              \XABxINFO                                                                                                                                                                                                                                                                                                                                                                                                                mAGICK sLIDESHOW
BY: tONY 3068
  \XABdEMOSCENE                \XABgAMES                     mELODIUS                 \XABmISC-BASIC                sLIDESHOW                \XABsYSTEM-BOOT              \XABxINFO                                                                                                                                                                                                                                                                                                                                                                                                                mISCELLANEOUS (basic)
BY: MULTIPLE
  \XABdEMOSCENE                \XABgAMES                     mELODIUS                 \XABmISC-BASIC                sLIDESHOW                \XABsYSTEM-BOOT              \XABxINFO                                                                                                                                                                                                                                                                                                                                                                                                                mELODIUS
BY: mOOINGlEMUR
  \XABdEMOSCENE                \XABgAMES                     mELODIUS                 \XABmISC-BASIC                sLIDESHOW                \XABsYSTEM-BOOT              \XABxINFO                                                                                                                                                                                                                                                                                                                                                                                                                gAMES
BY: MULTIPLE
tHIS DIRECTORY CONTAINS FULLY PLAYABLE GAMES   \XABdEMOSCENE                \XABgAMES                     mELODIUS                 \XABmISC-BASIC                sLIDESHOW                \XABsYSTEM-BOOT              \XABxINFO                                                                                                                                                                                                                                                                                                                                                                                                                dEMOSCENE sAMPLES
BY: MULTIPLE
cAPABILITY DEMONSTRATION SOFTWARE OR "DEMOSCENE" SOFTWARE THAT SHOWCASES AUDIO AND VISUAL ASPECTS OF THE x16 SYSTEM.  tYPICALLY THIS SOFTWARE IS "NON-INTERACTIVE" SO JUST SIT BACK AND ENJOY THE SHOW!    \XABdEMOSCENE                \XABgAMES                     mELODIUS                 \XABmISC-BASIC                sLIDESHOW                \XABsYSTEM-BOOT              \XABxINFO                                                                                                                                                                                                                                                                                                                                                                                                                gAMES
BY: MULTIPLE
tHIS DIRECTORY CONTAINS FULLY PLAYABLE GAMES  \X93\XB6                          \XB4\XB6                          \XB4\XB6                          \XB4\XB6                          \XB4\XB6                          \XB4\XB6                          \XB4\XB6                          \XB4\XB6                          \XB4\XB6                          \XB4\XB6                          \XB4\XB6                          \XB4\XB6                          \XB4\XB6                          \XB4\XB6                          \XB4\XB6                          \XB4\XB6                          \XB4\XB6                          \XB4\XB6                          \XB4\XB6                          \XB4\XB6                          \XB4\XB6                          \XB4\XB6                          \XB4 ./GAMES                   USE ARROW KEYS + ENTER                                                                                                                                                                                                                                                                                                                                                                                                                                                             LOADING...\XCCAUNCHER \XD61.0 (C) \XC1NDY\XCDT                           ~\XDD..                        3POTIONS                  bRIXX                     cHASEVAULT                fLAPPY                    hANGMAN                   iNVADERZ                  lANDER                    mINE-RESCUE               mONTEZUMA                 mUNCHMANIA                pETAXIAN                  pIXEUS                   \XABpLANET-X16                pORTAL16                  pSSPX16                   qUACK                     qUARX                     rALLYSPEEDWAY             rOCKRUNNER                                                                                                                                                                                                                                                                                                                                                                                                           3-pOTIONS
BY: HECHELION
pUZZLE/STRATEGY GAME (SUPPORTS GAMEPAD).  jOIN THREE EQUAL ELEMENTS TO CONVERT THEM TO THE NEXT ELEMENT.   l/r BUTTON MOVE ITEM TO BACKPACK (OR "d").  eRASE ICON IS SOMETIMES AVAILABLE TO REMOVE AN ELEMENT.  ~\XDD..                        3POTIONS                  bRIXX                     cHASEVAULT                fLAPPY                    hANGMAN                   iNVADERZ                  lANDER                    mINE-RESCUE               mONTEZUMA                 mUNCHMANIA                pETAXIAN                  pIXEUS                   \XABpLANET-X16                pORTAL16                  pSSPX16                   qUACK                     qUARX                     rALLYSPEEDWAY             rOCKRUNNER                                                                                                                                                                                                                                                                                                                                                                                                           bRIXX
BY: aNDYmT
bREAKOUT-LIKE GAME FOR THE x16. aDDS POWERUPS TO THE MIX. sUPPORTS MOUSE AND JOYSTICK CONTROL.  ~\XDD..                        3POTIONS                  bRIXX                     cHASEVAULT                fLAPPY                    hANGMAN                   iNVADERZ                  lANDER                    mINE-RESCUE               mONTEZUMA                 mUNCHMANIA                pETAXIAN                  pIXEUS                   \XABpLANET-X16                pORTAL16                  pSSPX16                   qUACK                     qUARX                     rALLYSPEEDWAY             rOCKRUNNER                                                                                                                                                                                                                                                                                                                                                                                                           cHASEVAULT
BY: sLITHYmAT
yOU ARE A PITH-HELMETED ADVENTURER EXPLORING AN ANCIENT CRYPT IN bARBADOS. tHAT PROBABLY WASN'T A GREAT IDEA. 
READY.


SEARCHING FOR /EXPLORE
LOADING FROM $ TO $
READY.

\X1C* * * W A R N I N G * * *\X05
[\X9EEXPLORE\X05] USES THE LAUNCHER APPLICATION
TO CONVENIENTLY NAVIGATE THE FULL SET
SOFTWARE ON THIS MEDIA.  NOT ALL THESE
PROGRAMS ARE SUITABLE FOR BEING LOADED
AND RAN BY THE LAUNCHER (SOME ARE
TUTORIALS SAMPLES INTENDED TO BE USED
FROM CMDR-DOS OR SOME ARE WORK-IN
PROGRESS CONCEPT DEMOS).

FOR A VERIFIED STABLE AND COMPLETE SET OF
SOFTWARE, USE THE \X9E//LAUNCH\X05 COMMAND
INSTEAD.

PRESS ANY KEY TO PROCEED WITH [\X9EEXPLORE\X05]
OR PRESS RUN/STOP TO ABORT
\X0E\X93\X0E\X0E\X93\X93\XB6                          \XB4\XB6                          \XB4\XB6                          \XB4\XB6                          \XB4\XB6                          \XB4\XB6                          \XB4\XB6                          \XB4\XB6                          \XB4\XB6                          \XB4\XB6                          \XB4\XB6                          \XB4\XB6                          \XB4\XB6                          \XB4\XB6                          \XB4\XB6                          \XB4\XB6                          \XB4\XB6                          \XB4\XB6                          \XB4\XB6                          \XB4\XB6                          \XB4\XB6                          \XB4\XB6                          \XB4 /                         USE ARROW KEYS + ENTER                                                                                                                                                                                                                                                                                                                                                                                                                                                             LOADING...\XCCAUNCHER \XD61.0 (C) \XC1NDY\XCDT             \XABaPPS                     \XABbASIC                    \XABdEMOS                    \XABdEV                      \XABdOCS                     \XABgAMES                    \XABgAMES-DEMO               \XABiNTRO                    \XABmUSIC                    \XABsHELL-CMDS               \XABsYSTEM                    sHELL.PRG                                                                                                                                                                                                                                                                                                                                                                                                            aPPLICATIONS
BY: MULTIPLE
"aPPLICATIONS" IS A GENERAL CATEGORY OF SOFTWARE THAT MAKES A COMPUTER SYSTEM USEFUL.  tHESE CAN BE UTILITIES, PRODUCTIVITY, TILE/FONT EDITORS, ETC.  tYPICALLY THINGS THAT ARE USEFUL TO MOST GENERAL-USERS OF THE SYSTEM.   \XABaPPS                     \XABbASIC                    \XABdEMOS                    \XABdEV                      \XABdOCS                     \XABgAMES                    \XABgAMES-DEMO               \XABiNTRO                    \XABmUSIC                    \XABsHELL-CMDS               \XABsYSTEM                    sHELL.PRG                                                                                                                                                                                                                                                                                                                                                                                                            basic
BY: MULTIPLE
aPPLICATIONS AND GAMES PROGRAMMED IN basic.   \XABaPPS                     \XABbASIC                    \XABdEMOS                    \XABdEV                      \XABdOCS                     \XABgAMES                    \XABgAMES-DEMO               \XABiNTRO                    \XABmUSIC                    \XABsHELL-CMDS               \XABsYSTEM                    sHELL.PRG                  \XABaPPS                     \XABbASIC                    \XABdEMOS                    \XABdEV                      \XABdOCS                     \XABgAMES                    \XABgAMES-DEMO               \XABiNTRO                    \XABmUSIC                    \XABsHELL-CMDS               \XABsYSTEM                    sHELL.PRG                                                                                                                                                                                                                                                                                                                                                                                                            dEVELOPMENT
BY: MULTIPLE
  \XABaPPS                     \XABbASIC                    \XABdEMOS                    \XABdEV                      \XABdOCS                     \XABgAMES                    \XABgAMES-DEMO               \XABiNTRO                    \XABmUSIC                    \XABsHELL-CMDS               \XABsYSTEM                    sHELL.PRG                                                                                                                                                                                                                                                                                                                                                                                                            dOCUMENTATION
BY: MULTIPLE
cOMMANDER x16 SPECIFIC DOCUMENTATION.  tEXT FILES OF "USEFUL INFORMATION" AND A COLLECTION OF pdf REFERENCE DOCUMENTS. 
READY.

\X8F\X8E\X93\X93
READY.
